[2025-12-12 14:16:03,407] INFO django.utils.autoreload: Watching for file changes with StatReloader
[2025-12-12 14:16:03,407] INFO django.utils.autoreload: Watching for file changes with StatReloader
[2025-12-12 14:16:31,025] INFO django.server: "GET / HTTP/1.1" 200 7535
[2025-12-12 14:16:31,025] INFO django.server: "GET / HTTP/1.1" 200 7535
[2025-12-12 14:16:31,058] INFO django.server: "GET / HTTP/1.1" 200 7535
[2025-12-12 14:16:31,058] INFO django.server: "GET / HTTP/1.1" 200 7535
[2025-12-12 14:16:34,827] WARNING django.request: Not Found: /favicon.ico
[2025-12-12 14:16:34,827] WARNING django.request: Not Found: /favicon.ico
[2025-12-12 14:16:34,827] WARNING django.server: "GET /favicon.ico HTTP/1.1" 404 8907
[2025-12-12 14:16:34,827] WARNING django.server: "GET /favicon.ico HTTP/1.1" 404 8907
[2025-12-12 14:16:34,857] WARNING django.request: Not Found: /favicon.ico
[2025-12-12 14:16:34,857] WARNING django.request: Not Found: /favicon.ico
[2025-12-12 14:16:34,859] WARNING django.server: "GET /favicon.ico HTTP/1.1" 404 8907
[2025-12-12 14:16:34,859] WARNING django.server: "GET /favicon.ico HTTP/1.1" 404 8907
[2025-12-12 14:16:37,301] INFO django.server: "GET /login/ HTTP/1.1" 302 0
[2025-12-12 14:16:37,301] INFO django.server: "GET /login/ HTTP/1.1" 302 0
[2025-12-12 14:16:37,500] INFO django.server: "GET /dashboard/admin/ HTTP/1.1" 200 7794
[2025-12-12 14:16:37,500] INFO django.server: "GET /dashboard/admin/ HTTP/1.1" 200 7794
[2025-12-12 14:16:43,214] INFO django.server: "GET /logout/ HTTP/1.1" 302 0
[2025-12-12 14:16:43,214] INFO django.server: "GET /logout/ HTTP/1.1" 302 0
[2025-12-12 14:16:43,227] INFO django.server: "GET /login/ HTTP/1.1" 200 4561
[2025-12-12 14:16:43,227] INFO django.server: "GET /login/ HTTP/1.1" 200 4561
[2025-12-12 14:16:43,292] INFO django.server: "GET /static/css/pages/auth.css HTTP/1.1" 304 0
[2025-12-12 14:16:43,292] INFO django.server: "GET /static/css/pages/auth.css HTTP/1.1" 304 0
[2025-12-12 14:16:43,296] INFO django.server: "GET /static/icons/show.png HTTP/1.1" 304 0
[2025-12-12 14:16:43,296] INFO django.server: "GET /static/icons/show.png HTTP/1.1" 304 0
[2025-12-12 14:17:19,618] INFO django.server: "GET /login/ HTTP/1.1" 200 4561
[2025-12-12 14:17:19,618] INFO django.server: "GET /login/ HTTP/1.1" 200 4561
[2025-12-12 14:19:29,233] INFO django.utils.autoreload: Watching for file changes with StatReloader
[2025-12-12 14:19:29,233] INFO django.utils.autoreload: Watching for file changes with StatReloader
[2025-12-12 14:20:39,136] INFO django.utils.autoreload: E:\Smart ATS\backend\users\views\auth.py changed, reloading.
[2025-12-12 14:20:39,136] INFO django.utils.autoreload: E:\Smart ATS\backend\users\views\auth.py changed, reloading.
[2025-12-12 14:20:41,179] INFO django.utils.autoreload: Watching for file changes with StatReloader
[2025-12-12 14:20:41,179] INFO django.utils.autoreload: Watching for file changes with StatReloader
[2025-12-12 14:21:10,559] INFO django.utils.autoreload: E:\Smart ATS\backend\users\views\auth.py changed, reloading.
[2025-12-12 14:21:10,559] INFO django.utils.autoreload: E:\Smart ATS\backend\users\views\auth.py changed, reloading.
[2025-12-12 14:21:12,781] INFO django.utils.autoreload: Watching for file changes with StatReloader
[2025-12-12 14:21:12,781] INFO django.utils.autoreload: Watching for file changes with StatReloader
[2025-12-12 14:21:31,931] INFO django.utils.autoreload: E:\Smart ATS\backend\users\views\auth.py changed, reloading.
[2025-12-12 14:21:31,931] INFO django.utils.autoreload: E:\Smart ATS\backend\users\views\auth.py changed, reloading.
[2025-12-12 14:21:34,214] INFO django.utils.autoreload: Watching for file changes with StatReloader
[2025-12-12 14:21:34,214] INFO django.utils.autoreload: Watching for file changes with StatReloader
[2025-12-12 14:22:43,034] INFO django.utils.autoreload: E:\Smart ATS\backend\users\views\auth.py changed, reloading.
[2025-12-12 14:22:43,034] INFO django.utils.autoreload: E:\Smart ATS\backend\users\views\auth.py changed, reloading.
[2025-12-12 14:22:44,974] INFO django.utils.autoreload: Watching for file changes with StatReloader
[2025-12-12 14:22:44,974] INFO django.utils.autoreload: Watching for file changes with StatReloader
[2025-12-12 14:22:46,820] INFO django.utils.autoreload: E:\Smart ATS\backend\users\views\auth.py changed, reloading.
[2025-12-12 14:22:46,820] INFO django.utils.autoreload: E:\Smart ATS\backend\users\views\auth.py changed, reloading.
[2025-12-12 14:22:48,519] INFO django.utils.autoreload: Watching for file changes with StatReloader
[2025-12-12 14:22:48,519] INFO django.utils.autoreload: Watching for file changes with StatReloader
[2025-12-12 14:23:05,583] INFO django.utils.autoreload: E:\Smart ATS\backend\users\views\auth.py changed, reloading.
[2025-12-12 14:23:05,583] INFO django.utils.autoreload: E:\Smart ATS\backend\users\views\auth.py changed, reloading.
[2025-12-12 14:23:07,993] INFO django.utils.autoreload: Watching for file changes with StatReloader
[2025-12-12 14:23:07,993] INFO django.utils.autoreload: Watching for file changes with StatReloader
[2025-12-12 14:24:02,716] INFO django.utils.autoreload: E:\Smart ATS\backend\users\views\auth.py changed, reloading.
[2025-12-12 14:24:02,716] INFO django.utils.autoreload: E:\Smart ATS\backend\users\views\auth.py changed, reloading.
[2025-12-12 14:24:05,028] INFO django.utils.autoreload: Watching for file changes with StatReloader
[2025-12-12 14:24:05,028] INFO django.utils.autoreload: Watching for file changes with StatReloader
[2025-12-12 14:24:12,531] INFO django.utils.autoreload: E:\Smart ATS\backend\users\views\auth.py changed, reloading.
[2025-12-12 14:24:12,531] INFO django.utils.autoreload: E:\Smart ATS\backend\users\views\auth.py changed, reloading.
[2025-12-12 14:24:14,785] INFO django.utils.autoreload: Watching for file changes with StatReloader
[2025-12-12 14:24:14,785] INFO django.utils.autoreload: Watching for file changes with StatReloader
[2025-12-12 14:24:36,054] INFO django.utils.autoreload: E:\Smart ATS\backend\users\views\auth.py changed, reloading.
[2025-12-12 14:24:36,054] INFO django.utils.autoreload: E:\Smart ATS\backend\users\views\auth.py changed, reloading.
[2025-12-12 14:24:38,217] INFO django.utils.autoreload: Watching for file changes with StatReloader
[2025-12-12 14:24:38,217] INFO django.utils.autoreload: Watching for file changes with StatReloader
[2025-12-12 14:25:10,096] INFO django.utils.autoreload: E:\Smart ATS\backend\users\views\auth.py changed, reloading.
[2025-12-12 14:25:10,096] INFO django.utils.autoreload: E:\Smart ATS\backend\users\views\auth.py changed, reloading.
[2025-12-12 14:25:12,363] INFO django.utils.autoreload: Watching for file changes with StatReloader
[2025-12-12 14:25:12,363] INFO django.utils.autoreload: Watching for file changes with StatReloader
[2025-12-12 14:27:25,651] INFO django.utils.autoreload: E:\Smart ATS\backend\users\views\auth.py changed, reloading.
[2025-12-12 14:27:25,651] INFO django.utils.autoreload: E:\Smart ATS\backend\users\views\auth.py changed, reloading.
[2025-12-12 14:27:27,889] INFO django.utils.autoreload: Watching for file changes with StatReloader
[2025-12-12 14:27:27,889] INFO django.utils.autoreload: Watching for file changes with StatReloader
[2025-12-12 14:30:02,526] INFO django.utils.autoreload: E:\Smart ATS\backend\users\views\admin.py changed, reloading.
[2025-12-12 14:30:02,526] INFO django.utils.autoreload: E:\Smart ATS\backend\users\views\admin.py changed, reloading.
[2025-12-12 14:30:04,692] INFO django.utils.autoreload: Watching for file changes with StatReloader
[2025-12-12 14:30:04,692] INFO django.utils.autoreload: Watching for file changes with StatReloader
[2025-12-12 14:31:26,744] INFO django.utils.autoreload: E:\Smart ATS\backend\users\views\hr.py changed, reloading.
[2025-12-12 14:31:26,744] INFO django.utils.autoreload: E:\Smart ATS\backend\users\views\hr.py changed, reloading.
[2025-12-12 14:31:28,987] INFO django.utils.autoreload: Watching for file changes with StatReloader
[2025-12-12 14:31:28,987] INFO django.utils.autoreload: Watching for file changes with StatReloader
[2025-12-12 14:32:16,571] INFO django.utils.autoreload: E:\Smart ATS\backend\users\views\hr.py changed, reloading.
[2025-12-12 14:32:16,571] INFO django.utils.autoreload: E:\Smart ATS\backend\users\views\hr.py changed, reloading.
[2025-12-12 14:32:18,544] INFO django.utils.autoreload: Watching for file changes with StatReloader
[2025-12-12 14:32:18,544] INFO django.utils.autoreload: Watching for file changes with StatReloader
[2025-12-12 14:33:58,172] INFO django.utils.autoreload: E:\Smart ATS\backend\applications\views\hr.py changed, reloading.
[2025-12-12 14:33:58,172] INFO django.utils.autoreload: E:\Smart ATS\backend\applications\views\hr.py changed, reloading.
[2025-12-12 14:34:00,844] INFO django.utils.autoreload: Watching for file changes with StatReloader
[2025-12-12 14:34:00,844] INFO django.utils.autoreload: Watching for file changes with StatReloader
[2025-12-12 14:34:32,851] INFO django.utils.autoreload: E:\Smart ATS\backend\applications\views\public.py changed, reloading.
[2025-12-12 14:34:32,851] INFO django.utils.autoreload: E:\Smart ATS\backend\applications\views\public.py changed, reloading.
[2025-12-12 14:34:35,176] INFO django.utils.autoreload: Watching for file changes with StatReloader
[2025-12-12 14:34:35,176] INFO django.utils.autoreload: Watching for file changes with StatReloader
[2025-12-12 14:36:40,616] INFO django.utils.autoreload: E:\Smart ATS\backend\applications\parsing.py changed, reloading.
[2025-12-12 14:36:40,616] INFO django.utils.autoreload: E:\Smart ATS\backend\applications\parsing.py changed, reloading.
[2025-12-12 14:36:42,621] INFO django.utils.autoreload: Watching for file changes with StatReloader
[2025-12-12 14:36:42,621] INFO django.utils.autoreload: Watching for file changes with StatReloader
[2025-12-12 14:36:45,572] INFO django.utils.autoreload: E:\Smart ATS\backend\applications\parsing.py changed, reloading.
[2025-12-12 14:36:45,572] INFO django.utils.autoreload: E:\Smart ATS\backend\applications\parsing.py changed, reloading.
[2025-12-12 14:36:47,419] INFO django.utils.autoreload: Watching for file changes with StatReloader
[2025-12-12 14:36:47,419] INFO django.utils.autoreload: Watching for file changes with StatReloader
[2025-12-12 14:37:32,098] INFO django.utils.autoreload: E:\Smart ATS\backend\applications\parsing.py changed, reloading.
[2025-12-12 14:37:32,098] INFO django.utils.autoreload: E:\Smart ATS\backend\applications\parsing.py changed, reloading.
[2025-12-12 14:37:34,178] INFO django.utils.autoreload: Watching for file changes with StatReloader
[2025-12-12 14:37:34,178] INFO django.utils.autoreload: Watching for file changes with StatReloader
[2025-12-12 14:37:40,596] INFO django.utils.autoreload: E:\Smart ATS\backend\applications\parsing.py changed, reloading.
[2025-12-12 14:37:40,596] INFO django.utils.autoreload: E:\Smart ATS\backend\applications\parsing.py changed, reloading.
[2025-12-12 14:37:42,336] INFO django.utils.autoreload: Watching for file changes with StatReloader
[2025-12-12 14:37:42,336] INFO django.utils.autoreload: Watching for file changes with StatReloader
[2025-12-12 14:41:05,037] INFO django.utils.autoreload: E:\Smart ATS\backend\jobs\views\hr.py changed, reloading.
[2025-12-12 14:41:05,037] INFO django.utils.autoreload: E:\Smart ATS\backend\jobs\views\hr.py changed, reloading.
[2025-12-12 14:41:07,304] INFO django.utils.autoreload: Watching for file changes with StatReloader
[2025-12-12 14:41:07,304] INFO django.utils.autoreload: Watching for file changes with StatReloader
[2025-12-12 14:46:49,345] INFO django.utils.autoreload: E:\Smart ATS\backend\core\settings.py changed, reloading.
[2025-12-12 14:46:49,345] INFO django.utils.autoreload: E:\Smart ATS\backend\core\settings.py changed, reloading.
[2025-12-12 14:46:51,447] INFO django.utils.autoreload: Watching for file changes with StatReloader
[2025-12-12 14:46:51,447] INFO django.utils.autoreload: Watching for file changes with StatReloader
[2025-12-12 14:46:54,172] INFO django.utils.autoreload: E:\Smart ATS\backend\core\settings.py changed, reloading.
[2025-12-12 14:46:54,172] INFO django.utils.autoreload: E:\Smart ATS\backend\core\settings.py changed, reloading.
[2025-12-12 14:46:56,183] INFO django.utils.autoreload: Watching for file changes with StatReloader
[2025-12-12 14:46:56,183] INFO django.utils.autoreload: Watching for file changes with StatReloader
[2025-12-12 14:55:59,076] INFO django.utils.autoreload: E:\Smart ATS\backend\api\serializers.py changed, reloading.
[2025-12-12 14:55:59,076] INFO django.utils.autoreload: E:\Smart ATS\backend\api\serializers.py changed, reloading.
[2025-12-12 14:56:01,270] INFO django.utils.autoreload: Watching for file changes with StatReloader
[2025-12-12 14:56:01,270] INFO django.utils.autoreload: Watching for file changes with StatReloader
[2025-12-12 15:01:08,691] INFO django.utils.autoreload: E:\Smart ATS\backend\core\settings.py changed, reloading.
[2025-12-12 15:01:08,691] INFO django.utils.autoreload: E:\Smart ATS\backend\core\settings.py changed, reloading.
[2025-12-12 15:01:11,446] INFO django.utils.autoreload: Watching for file changes with StatReloader
[2025-12-12 15:01:11,446] INFO django.utils.autoreload: Watching for file changes with StatReloader
[2025-12-12 15:01:24,734] INFO django.utils.autoreload: Watching for file changes with StatReloader
[2025-12-12 15:01:24,734] INFO django.utils.autoreload: Watching for file changes with StatReloader
[2025-12-12 15:01:37,813] INFO django.utils.autoreload: Watching for file changes with StatReloader
[2025-12-12 15:01:37,813] INFO django.utils.autoreload: Watching for file changes with StatReloader
[2025-12-12 15:15:01,727] INFO django.utils.autoreload: Watching for file changes with StatReloader
[2025-12-12 15:15:01,727] INFO django.utils.autoreload: Watching for file changes with StatReloader
[2025-12-12 15:15:11,062] INFO django.server: "GET /login/ HTTP/1.1" 200 4561
[2025-12-12 15:15:11,062] INFO django.server: "GET /login/ HTTP/1.1" 200 4561
[2025-12-12 15:15:12,352] INFO django.server: "GET / HTTP/1.1" 200 7211
[2025-12-12 15:15:12,352] INFO django.server: "GET / HTTP/1.1" 200 7211
[2025-12-12 15:15:22,679] INFO django.server: "GET / HTTP/1.1" 200 7532
[2025-12-12 15:15:22,679] INFO django.server: "GET / HTTP/1.1" 200 7532
[2025-12-12 15:15:51,539] WARNING api.views: API Login failed for email=sagar@gmail.com
[2025-12-12 15:15:51,543] WARNING django.request: Bad Request: /api/auth/login/
[2025-12-12 15:15:51,543] WARNING django.request: Bad Request: /api/auth/login/
[2025-12-12 15:15:51,545] WARNING django.server: "POST /api/auth/login/ HTTP/1.1" 400 31
[2025-12-12 15:15:51,545] WARNING django.server: "POST /api/auth/login/ HTTP/1.1" 400 31
[2025-12-12 15:16:48,322] WARNING api.views: API Login failed for email=hr@gmail.com
[2025-12-12 15:16:48,323] WARNING django.request: Bad Request: /api/auth/login/
[2025-12-12 15:16:48,323] WARNING django.request: Bad Request: /api/auth/login/
[2025-12-12 15:16:48,325] WARNING django.server: "POST /api/auth/login/ HTTP/1.1" 400 31
[2025-12-12 15:16:48,325] WARNING django.server: "POST /api/auth/login/ HTTP/1.1" 400 31
[2025-12-12 15:17:27,551] INFO api.views: API Login success for rakijat182@crsay.com
[2025-12-12 15:17:27,554] INFO django.server: "POST /api/auth/login/ HTTP/1.1" 200 154
[2025-12-12 15:17:27,554] INFO django.server: "POST /api/auth/login/ HTTP/1.1" 200 154
[2025-12-12 15:18:08,166] WARNING django.request: Unauthorized: /api/auth/me/
[2025-12-12 15:18:08,166] WARNING django.request: Unauthorized: /api/auth/me/
[2025-12-12 15:18:08,168] WARNING django.server: "GET /api/auth/me/ HTTP/1.1" 401 58
[2025-12-12 15:18:08,168] WARNING django.server: "GET /api/auth/me/ HTTP/1.1" 401 58
[2025-12-12 15:19:00,425] INFO api.views: API Login success for rakijat182@crsay.com
[2025-12-12 15:19:00,427] INFO django.server: "POST /api/auth/login/ HTTP/1.1" 200 154
[2025-12-12 15:19:00,427] INFO django.server: "POST /api/auth/login/ HTTP/1.1" 200 154
[2025-12-12 15:19:41,650] WARNING django.request: Unauthorized: /api/auth/me/
[2025-12-12 15:19:41,650] WARNING django.request: Unauthorized: /api/auth/me/
[2025-12-12 15:19:41,652] WARNING django.server: "GET /api/auth/me/ HTTP/1.1" 401 58
[2025-12-12 15:19:41,652] WARNING django.server: "GET /api/auth/me/ HTTP/1.1" 401 58
[2025-12-12 15:20:00,189] INFO django.server: "GET /api/jobs/ HTTP/1.1" 200 6345
[2025-12-12 15:20:00,189] INFO django.server: "GET /api/jobs/ HTTP/1.1" 200 6345
[2025-12-12 15:22:57,428] INFO django.server: "GET / HTTP/1.1" 200 7211
[2025-12-12 15:22:57,428] INFO django.server: "GET / HTTP/1.1" 200 7211
[2025-12-12 15:24:58,897] INFO django.server: "GET / HTTP/1.1" 200 8154
[2025-12-12 15:24:58,897] INFO django.server: "GET / HTTP/1.1" 200 8154
[2025-12-12 15:25:17,315] INFO django.server: "GET / HTTP/1.1" 200 8475
[2025-12-12 15:25:17,315] INFO django.server: "GET / HTTP/1.1" 200 8475
[2025-12-12 15:25:17,672] WARNING django.request: Not Found: /favicon.ico
[2025-12-12 15:25:17,672] WARNING django.request: Not Found: /favicon.ico
[2025-12-12 15:25:17,672] WARNING django.server: "GET /favicon.ico HTTP/1.1" 404 8907
[2025-12-12 15:25:17,672] WARNING django.server: "GET /favicon.ico HTTP/1.1" 404 8907
[2025-12-12 15:25:19,380] INFO django.server: "GET / HTTP/1.1" 200 8475
[2025-12-12 15:25:19,380] INFO django.server: "GET / HTTP/1.1" 200 8475
[2025-12-12 15:29:07,009] INFO django.server: "GET / HTTP/1.1" 200 8154
[2025-12-12 15:29:07,009] INFO django.server: "GET / HTTP/1.1" 200 8154
[2025-12-12 15:29:14,246] INFO django.server: "GET / HTTP/1.1" 200 8475
[2025-12-12 15:29:14,246] INFO django.server: "GET / HTTP/1.1" 200 8475
[2025-12-12 15:29:15,373] INFO django.server: "GET / HTTP/1.1" 200 8475
[2025-12-12 15:29:15,373] INFO django.server: "GET / HTTP/1.1" 200 8475
[2025-12-12 15:29:15,521] INFO django.server: "GET / HTTP/1.1" 200 8475
[2025-12-12 15:29:15,521] INFO django.server: "GET / HTTP/1.1" 200 8475
[2025-12-12 15:29:15,742] INFO django.server: "GET / HTTP/1.1" 200 8475
[2025-12-12 15:29:15,742] INFO django.server: "GET / HTTP/1.1" 200 8475
[2025-12-12 15:29:23,960] INFO django.utils.autoreload: Watching for file changes with StatReloader
[2025-12-12 15:29:23,960] INFO django.utils.autoreload: Watching for file changes with StatReloader
[2025-12-12 15:29:48,192] INFO django.utils.autoreload: Watching for file changes with StatReloader
[2025-12-12 15:29:48,192] INFO django.utils.autoreload: Watching for file changes with StatReloader
[2025-12-12 15:29:59,665] INFO django.utils.autoreload: Watching for file changes with StatReloader
[2025-12-12 15:29:59,665] INFO django.utils.autoreload: Watching for file changes with StatReloader
[2025-12-12 15:30:06,370] INFO django.server: "GET / HTTP/1.1" 200 8154
[2025-12-12 15:30:06,370] INFO django.server: "GET / HTTP/1.1" 200 8154
[2025-12-12 15:30:09,552] INFO django.server: "GET / HTTP/1.1" 200 8154
[2025-12-12 15:30:09,552] INFO django.server: "GET / HTTP/1.1" 200 8154
[2025-12-12 15:31:51,909] INFO django.utils.autoreload: Watching for file changes with StatReloader
[2025-12-12 15:31:51,909] INFO django.utils.autoreload: Watching for file changes with StatReloader
[2025-12-12 15:32:00,731] INFO django.server: "GET / HTTP/1.1" 200 8475
[2025-12-12 15:32:00,731] INFO django.server: "GET / HTTP/1.1" 200 8475
[2025-12-12 15:32:04,913] INFO django.server: "GET / HTTP/1.1" 200 8154
[2025-12-12 15:32:04,913] INFO django.server: "GET / HTTP/1.1" 200 8154
[2025-12-12 15:32:08,522] INFO django.server: "GET / HTTP/1.1" 200 8154
[2025-12-12 15:32:08,522] INFO django.server: "GET / HTTP/1.1" 200 8154
[2025-12-12 15:32:47,376] INFO django.server: "GET / HTTP/1.1" 200 9710
[2025-12-12 15:32:47,376] INFO django.server: "GET / HTTP/1.1" 200 9710
[2025-12-12 15:33:38,349] INFO django.server: "GET / HTTP/1.1" 200 9710
[2025-12-12 15:33:38,349] INFO django.server: "GET / HTTP/1.1" 200 9710
[2025-12-12 15:34:04,433] INFO django.server: "GET /jobs/ HTTP/1.1" 200 21101
[2025-12-12 15:34:04,433] INFO django.server: "GET /jobs/ HTTP/1.1" 200 21101
[2025-12-12 15:34:10,606] INFO django.server: "GET / HTTP/1.1" 200 9710
[2025-12-12 15:34:10,606] INFO django.server: "GET / HTTP/1.1" 200 9710
[2025-12-12 15:34:11,839] INFO django.server: "GET /login/ HTTP/1.1" 200 4561
[2025-12-12 15:34:11,839] INFO django.server: "GET /login/ HTTP/1.1" 200 4561
[2025-12-12 15:34:11,882] INFO django.server: "GET /static/css/pages/auth.css HTTP/1.1" 304 0
[2025-12-12 15:34:11,882] INFO django.server: "GET /static/css/pages/auth.css HTTP/1.1" 304 0
[2025-12-12 15:34:12,030] INFO django.server: "GET /static/icons/show.png HTTP/1.1" 200 14608
[2025-12-12 15:34:12,030] INFO django.server: "GET /static/icons/show.png HTTP/1.1" 200 14608
[2025-12-12 15:34:14,581] INFO django.server: "GET /static/icons/hide.png HTTP/1.1" 200 14714
[2025-12-12 15:34:14,581] INFO django.server: "GET /static/icons/hide.png HTTP/1.1" 200 14714
[2025-12-12 15:34:17,027] INFO django.server: "GET / HTTP/1.1" 200 9710
[2025-12-12 15:34:17,027] INFO django.server: "GET / HTTP/1.1" 200 9710
[2025-12-12 15:34:23,024] INFO django.server: "GET /login/ HTTP/1.1" 200 4561
[2025-12-12 15:34:23,024] INFO django.server: "GET /login/ HTTP/1.1" 200 4561
[2025-12-12 15:34:24,334] INFO django.server: "GET /forgot-password/ HTTP/1.1" 200 4155
[2025-12-12 15:34:24,334] INFO django.server: "GET /forgot-password/ HTTP/1.1" 200 4155
[2025-12-12 15:34:26,565] INFO django.server: "GET /login/ HTTP/1.1" 200 4561
[2025-12-12 15:34:26,565] INFO django.server: "GET /login/ HTTP/1.1" 200 4561
[2025-12-12 15:34:27,218] INFO django.server: "GET / HTTP/1.1" 200 9710
[2025-12-12 15:34:27,218] INFO django.server: "GET / HTTP/1.1" 200 9710
[2025-12-12 15:35:00,042] INFO django.server: "GET / HTTP/1.1" 200 7642
[2025-12-12 15:35:00,042] INFO django.server: "GET / HTTP/1.1" 200 7642
[2025-12-12 15:36:01,865] INFO django.server: "GET / HTTP/1.1" 200 7642
[2025-12-12 15:36:01,865] INFO django.server: "GET / HTTP/1.1" 200 7642
[2025-12-12 15:43:36,290] INFO django.server: "GET / HTTP/1.1" 200 7642
[2025-12-12 15:43:36,290] INFO django.server: "GET / HTTP/1.1" 200 7642
[2025-12-12 15:43:37,139] INFO django.server: "GET / HTTP/1.1" 200 7642
[2025-12-12 15:43:37,139] INFO django.server: "GET / HTTP/1.1" 200 7642
[2025-12-12 15:43:37,307] INFO django.server: "GET / HTTP/1.1" 200 7642
[2025-12-12 15:43:37,307] INFO django.server: "GET / HTTP/1.1" 200 7642
[2025-12-12 15:43:37,498] INFO django.server: "GET / HTTP/1.1" 200 7642
[2025-12-12 15:43:37,498] INFO django.server: "GET / HTTP/1.1" 200 7642
[2025-12-12 15:43:40,137] INFO django.server: "GET / HTTP/1.1" 200 7642
[2025-12-12 15:43:40,137] INFO django.server: "GET / HTTP/1.1" 200 7642
[2025-12-12 15:43:46,827] INFO django.utils.autoreload: Watching for file changes with StatReloader
[2025-12-12 15:43:46,827] INFO django.utils.autoreload: Watching for file changes with StatReloader
[2025-12-12 15:43:49,786] INFO django.server: "GET / HTTP/1.1" 200 7642
[2025-12-12 15:43:49,786] INFO django.server: "GET / HTTP/1.1" 200 7642
[2025-12-12 15:43:52,835] INFO django.server: "GET / HTTP/1.1" 200 7642
[2025-12-12 15:43:52,835] INFO django.server: "GET / HTTP/1.1" 200 7642
[2025-12-12 15:43:57,152] INFO django.server: "GET / HTTP/1.1" 200 7963
[2025-12-12 15:43:57,152] INFO django.server: "GET / HTTP/1.1" 200 7963
[2025-12-12 15:44:52,894] INFO django.utils.autoreload: Watching for file changes with StatReloader
[2025-12-12 15:44:52,894] INFO django.utils.autoreload: Watching for file changes with StatReloader
[2025-12-12 15:44:57,119] INFO django.server: "GET / HTTP/1.1" 200 7639
[2025-12-12 15:44:57,119] INFO django.server: "GET / HTTP/1.1" 200 7639
[2025-12-12 15:44:57,268] INFO django.server: "GET /static/css/pages/land.css HTTP/1.1" 200 4055
[2025-12-12 15:44:57,268] INFO django.server: "GET /static/css/pages/land.css HTTP/1.1" 200 4055
[2025-12-12 15:45:04,222] INFO django.server: "GET / HTTP/1.1" 200 7639
[2025-12-12 15:45:04,222] INFO django.server: "GET / HTTP/1.1" 200 7639
[2025-12-12 15:45:04,261] INFO django.server: "GET /static/css/pages/land.css HTTP/1.1" 200 4055
[2025-12-12 15:45:04,261] INFO django.server: "GET /static/css/pages/land.css HTTP/1.1" 200 4055
[2025-12-12 15:45:59,141] INFO django.server: "GET / HTTP/1.1" 200 7643
[2025-12-12 15:45:59,141] INFO django.server: "GET / HTTP/1.1" 200 7643
[2025-12-12 15:45:59,172] INFO django.server: "GET /static/css/pages/landpage.css HTTP/1.1" 200 4055
[2025-12-12 15:45:59,172] INFO django.server: "GET /static/css/pages/landpage.css HTTP/1.1" 200 4055
[2025-12-12 15:45:59,942] INFO django.server: "GET / HTTP/1.1" 200 7643
[2025-12-12 15:45:59,942] INFO django.server: "GET / HTTP/1.1" 200 7643
[2025-12-12 15:46:00,070] INFO django.server: "GET / HTTP/1.1" 200 7643
[2025-12-12 15:46:00,070] INFO django.server: "GET / HTTP/1.1" 200 7643
[2025-12-12 15:46:00,285] INFO django.server: "GET / HTTP/1.1" 200 7643
[2025-12-12 15:46:00,285] INFO django.server: "GET / HTTP/1.1" 200 7643
[2025-12-12 15:46:03,797] INFO django.server: "GET / HTTP/1.1" 200 7643
[2025-12-12 15:46:03,797] INFO django.server: "GET / HTTP/1.1" 200 7643
[2025-12-12 15:46:04,512] INFO django.server: "GET / HTTP/1.1" 200 7639
[2025-12-12 15:46:04,512] INFO django.server: "GET / HTTP/1.1" 200 7639
[2025-12-12 15:46:04,539] WARNING django.server: "GET /static/css/pages/land.css HTTP/1.1" 404 1868
[2025-12-12 15:46:04,539] WARNING django.server: "GET /static/css/pages/land.css HTTP/1.1" 404 1868
[2025-12-12 15:46:04,732] INFO django.server: "GET / HTTP/1.1" 200 7639
[2025-12-12 15:46:04,732] INFO django.server: "GET / HTTP/1.1" 200 7639
[2025-12-12 15:46:04,766] WARNING django.server: "GET /static/css/pages/land.css HTTP/1.1" 404 1868
[2025-12-12 15:46:04,766] WARNING django.server: "GET /static/css/pages/land.css HTTP/1.1" 404 1868
[2025-12-12 15:46:08,948] INFO django.server: "GET / HTTP/1.1" 200 7642
[2025-12-12 15:46:08,948] INFO django.server: "GET / HTTP/1.1" 200 7642
[2025-12-12 15:46:09,697] INFO django.server: "GET / HTTP/1.1" 200 7642
[2025-12-12 15:46:09,697] INFO django.server: "GET / HTTP/1.1" 200 7642
[2025-12-12 15:46:09,902] INFO django.server: "GET / HTTP/1.1" 200 7642
[2025-12-12 15:46:09,902] INFO django.server: "GET / HTTP/1.1" 200 7642
[2025-12-12 15:46:10,277] INFO django.server: "GET / HTTP/1.1" 200 7642
[2025-12-12 15:46:10,277] INFO django.server: "GET / HTTP/1.1" 200 7642
[2025-12-12 15:46:10,420] INFO django.server: "GET / HTTP/1.1" 200 7642
[2025-12-12 15:46:10,420] INFO django.server: "GET / HTTP/1.1" 200 7642
[2025-12-12 15:46:10,553] INFO django.server: "GET / HTTP/1.1" 200 7642
[2025-12-12 15:46:10,553] INFO django.server: "GET / HTTP/1.1" 200 7642
[2025-12-12 15:46:10,686] INFO django.server: "GET / HTTP/1.1" 200 7642
[2025-12-12 15:46:10,686] INFO django.server: "GET / HTTP/1.1" 200 7642
[2025-12-12 15:46:10,821] INFO django.server: "GET / HTTP/1.1" 200 7642
[2025-12-12 15:46:10,821] INFO django.server: "GET / HTTP/1.1" 200 7642
[2025-12-12 15:46:10,953] INFO django.server: "GET / HTTP/1.1" 200 7642
[2025-12-12 15:46:10,953] INFO django.server: "GET / HTTP/1.1" 200 7642
[2025-12-12 15:46:11,086] INFO django.server: "GET / HTTP/1.1" 200 7642
[2025-12-12 15:46:11,086] INFO django.server: "GET / HTTP/1.1" 200 7642
[2025-12-12 15:46:11,222] INFO django.server: "GET / HTTP/1.1" 200 7642
[2025-12-12 15:46:11,222] INFO django.server: "GET / HTTP/1.1" 200 7642
[2025-12-12 15:46:11,435] INFO django.server: "GET / HTTP/1.1" 200 7642
[2025-12-12 15:46:11,435] INFO django.server: "GET / HTTP/1.1" 200 7642
[2025-12-12 15:46:17,040] INFO django.server: "GET / HTTP/1.1" 200 7643
[2025-12-12 15:46:17,040] INFO django.server: "GET / HTTP/1.1" 200 7643
[2025-12-12 15:46:17,055] INFO django.server: "GET /static/css/pages/landpage.css HTTP/1.1" 304 0
[2025-12-12 15:46:17,055] INFO django.server: "GET /static/css/pages/landpage.css HTTP/1.1" 304 0
[2025-12-12 15:47:47,993] INFO django.server: "GET / HTTP/1.1" 200 7671
[2025-12-12 15:47:47,993] INFO django.server: "GET / HTTP/1.1" 200 7671
[2025-12-12 15:47:48,068] INFO django.server: "GET /static/css/pages/landpage.css HTTP/1.1" 200 6737
[2025-12-12 15:47:48,068] INFO django.server: "GET /static/css/pages/landpage.css HTTP/1.1" 200 6737
[2025-12-12 15:48:51,762] INFO django.server: "GET / HTTP/1.1" 200 7661
[2025-12-12 15:48:51,762] INFO django.server: "GET / HTTP/1.1" 200 7661
[2025-12-12 15:48:51,811] INFO django.server: "GET /static/css/pages/landpage.css HTTP/1.1" 304 0
[2025-12-12 15:48:51,811] INFO django.server: "GET /static/css/pages/landpage.css HTTP/1.1" 304 0
[2025-12-12 15:48:59,911] INFO django.server: "GET / HTTP/1.1" 200 7661
[2025-12-12 15:48:59,911] INFO django.server: "GET / HTTP/1.1" 200 7661
[2025-12-12 15:48:59,940] INFO django.server: "GET /static/css/pages/landpage.css HTTP/1.1" 304 0
[2025-12-12 15:48:59,940] INFO django.server: "GET /static/css/pages/landpage.css HTTP/1.1" 304 0
[2025-12-12 15:49:01,928] INFO django.server: "GET / HTTP/1.1" 200 7661
[2025-12-12 15:49:01,928] INFO django.server: "GET / HTTP/1.1" 200 7661
[2025-12-12 15:50:15,662] INFO django.server: "GET /jobs/ HTTP/1.1" 200 21101
[2025-12-12 15:50:15,662] INFO django.server: "GET /jobs/ HTTP/1.1" 200 21101
[2025-12-12 15:50:18,362] INFO django.server: "GET /login/ HTTP/1.1" 200 4561
[2025-12-12 15:50:18,362] INFO django.server: "GET /login/ HTTP/1.1" 200 4561
[2025-12-12 15:50:19,990] INFO django.server: "GET / HTTP/1.1" 200 7661
[2025-12-12 15:50:19,990] INFO django.server: "GET / HTTP/1.1" 200 7661
[2025-12-12 15:51:35,768] INFO django.server: "GET / HTTP/1.1" 200 7661
[2025-12-12 15:51:35,768] INFO django.server: "GET / HTTP/1.1" 200 7661
[2025-12-12 15:51:35,864] INFO django.server: "GET /static/css/pages/landpage.css HTTP/1.1" 200 8058
[2025-12-12 15:51:35,864] INFO django.server: "GET /static/css/pages/landpage.css HTTP/1.1" 200 8058
[2025-12-12 15:51:45,409] INFO django.server: "GET / HTTP/1.1" 200 7661
[2025-12-12 15:51:45,409] INFO django.server: "GET / HTTP/1.1" 200 7661
[2025-12-12 15:51:45,453] INFO django.server: "GET /static/css/pages/landpage.css HTTP/1.1" 200 6737
[2025-12-12 15:51:45,453] INFO django.server: "GET /static/css/pages/landpage.css HTTP/1.1" 200 6737
[2025-12-12 15:52:36,185] INFO django.server: "GET / HTTP/1.1" 200 7697
[2025-12-12 15:52:36,185] INFO django.server: "GET / HTTP/1.1" 200 7697
[2025-12-12 15:52:36,239] INFO django.server: "GET /static/css/pages/landpage.css HTTP/1.1" 304 0
[2025-12-12 15:52:36,239] INFO django.server: "GET /static/css/pages/landpage.css HTTP/1.1" 304 0
[2025-12-12 15:53:07,141] INFO django.server: "GET / HTTP/1.1" 200 7697
[2025-12-12 15:53:07,141] INFO django.server: "GET / HTTP/1.1" 200 7697
[2025-12-12 15:53:07,170] INFO django.server: "GET /static/css/pages/landpage.css HTTP/1.1" 304 0
[2025-12-12 15:53:07,170] INFO django.server: "GET /static/css/pages/landpage.css HTTP/1.1" 304 0
[2025-12-12 15:53:08,736] INFO django.server: "GET /jobs/ HTTP/1.1" 200 21101
[2025-12-12 15:53:08,736] INFO django.server: "GET /jobs/ HTTP/1.1" 200 21101
[2025-12-12 15:53:18,036] INFO django.server: "GET / HTTP/1.1" 200 8018
[2025-12-12 15:53:18,036] INFO django.server: "GET / HTTP/1.1" 200 8018
[2025-12-12 15:53:18,067] INFO django.server: "GET /static/css/pages/sidebar.css HTTP/1.1" 304 0
[2025-12-12 15:53:18,067] INFO django.server: "GET /static/css/pages/sidebar.css HTTP/1.1" 304 0
[2025-12-12 15:53:18,074] INFO django.server: "GET /static/css/pages/landpage.css HTTP/1.1" 200 6737
[2025-12-12 15:53:18,074] INFO django.server: "GET /static/css/pages/landpage.css HTTP/1.1" 200 6737
[2025-12-12 16:07:45,863] INFO django.server: "GET / HTTP/1.1" 200 7697
[2025-12-12 16:07:45,863] INFO django.server: "GET / HTTP/1.1" 200 7697
[2025-12-12 16:07:45,989] INFO django.server: "GET /static/css/pages/landpage.css HTTP/1.1" 200 6614
[2025-12-12 16:07:45,989] INFO django.server: "GET /static/css/pages/landpage.css HTTP/1.1" 200 6614
[2025-12-12 16:07:50,312] INFO django.server: "GET /jobs/ HTTP/1.1" 200 21101
[2025-12-12 16:07:50,312] INFO django.server: "GET /jobs/ HTTP/1.1" 200 21101
[2025-12-12 16:07:54,940] INFO django.server: "GET /applications/apply/qa-automation-engineer/ HTTP/1.1" 200 4802
[2025-12-12 16:07:54,940] INFO django.server: "GET /applications/apply/qa-automation-engineer/ HTTP/1.1" 200 4802
[2025-12-12 16:07:57,479] INFO django.server: "GET /jobs/ HTTP/1.1" 200 21101
[2025-12-12 16:07:57,479] INFO django.server: "GET /jobs/ HTTP/1.1" 200 21101
[2025-12-12 16:08:02,070] INFO django.server: "GET / HTTP/1.1" 200 8018
[2025-12-12 16:08:02,070] INFO django.server: "GET / HTTP/1.1" 200 8018
[2025-12-12 16:08:02,114] INFO django.server: "GET /static/css/pages/landpage.css HTTP/1.1" 200 6614
[2025-12-12 16:08:02,114] INFO django.server: "GET /static/css/pages/landpage.css HTTP/1.1" 200 6614
[2025-12-12 16:08:15,627] INFO django.server: "GET /dashboard/hr/ HTTP/1.1" 200 5043
[2025-12-12 16:08:15,627] INFO django.server: "GET /dashboard/hr/ HTTP/1.1" 200 5043
[2025-12-12 16:08:20,032] INFO django.server: "GET /jobs/hr/create/ HTTP/1.1" 200 8638
[2025-12-12 16:08:20,032] INFO django.server: "GET /jobs/hr/create/ HTTP/1.1" 200 8638
[2025-12-12 16:08:20,120] INFO django.server: "GET /static/css/pages/hrcrudjobs.css HTTP/1.1" 200 6224
[2025-12-12 16:08:20,120] INFO django.server: "GET /static/css/pages/hrcrudjobs.css HTTP/1.1" 200 6224
[2025-12-12 16:08:24,802] INFO django.server: "GET /dashboard/hr/ HTTP/1.1" 200 5043
[2025-12-12 16:08:24,802] INFO django.server: "GET /dashboard/hr/ HTTP/1.1" 200 5043
[2025-12-12 16:08:25,589] INFO django.server: "GET / HTTP/1.1" 200 8018
[2025-12-12 16:08:25,589] INFO django.server: "GET / HTTP/1.1" 200 8018
[2025-12-12 17:08:50,843] INFO django.server: "GET /jobs/ HTTP/1.1" 200 21101
[2025-12-12 17:08:50,843] INFO django.server: "GET /jobs/ HTTP/1.1" 200 21101
[2025-12-12 17:14:22,783] INFO django.server: "GET /jobs/qa-automation-engineer/ HTTP/1.1" 200 5274
[2025-12-12 17:14:22,783] INFO django.server: "GET /jobs/qa-automation-engineer/ HTTP/1.1" 200 5274
[2025-12-12 17:14:22,915] INFO django.server: "GET /static/css/pages/sidebar.css HTTP/1.1" 200 4127
[2025-12-12 17:14:22,915] INFO django.server: "GET /static/css/pages/sidebar.css HTTP/1.1" 200 4127
[2025-12-12 17:14:22,920] INFO django.server: "GET /static/css/pages/job_detail.css HTTP/1.1" 200 4367
[2025-12-12 17:14:22,920] INFO django.server: "GET /static/css/pages/job_detail.css HTTP/1.1" 200 4367
[2025-12-12 17:15:45,561] INFO django.server: "GET /applications/apply/qa-automation-engineer/ HTTP/1.1" 200 4802
[2025-12-12 17:15:45,561] INFO django.server: "GET /applications/apply/qa-automation-engineer/ HTTP/1.1" 200 4802
[2025-12-12 17:16:30,307] INFO django.server: "GET / HTTP/1.1" 200 7697
[2025-12-12 17:16:30,307] INFO django.server: "GET / HTTP/1.1" 200 7697
[2025-12-12 17:16:30,413] INFO django.server: "GET /static/css/pages/landpage.css HTTP/1.1" 304 0
[2025-12-12 17:16:30,413] INFO django.server: "GET /static/css/pages/landpage.css HTTP/1.1" 304 0
[2025-12-12 17:16:32,553] INFO django.server: "GET /login/ HTTP/1.1" 200 4561
[2025-12-12 17:16:32,553] INFO django.server: "GET /login/ HTTP/1.1" 200 4561
[2025-12-12 17:16:32,637] INFO django.server: "GET /static/icons/show.png HTTP/1.1" 304 0
[2025-12-12 17:16:32,637] INFO django.server: "GET /static/css/pages/auth.css HTTP/1.1" 200 4941
[2025-12-12 17:16:32,637] INFO django.server: "GET /static/icons/show.png HTTP/1.1" 304 0
[2025-12-12 17:16:32,637] INFO django.server: "GET /static/css/pages/auth.css HTTP/1.1" 200 4941
[2025-12-12 17:16:52,480] INFO django.server: "POST /login/ HTTP/1.1" 302 0
[2025-12-12 17:16:52,480] INFO django.server: "POST /login/ HTTP/1.1" 302 0
[2025-12-12 17:16:52,551] INFO django.server: "GET /dashboard/hr/ HTTP/1.1" 200 5321
[2025-12-12 17:16:52,551] INFO django.server: "GET /dashboard/hr/ HTTP/1.1" 200 5321
[2025-12-12 17:17:09,840] INFO django.server: "GET /jobs/hr/list/ HTTP/1.1" 200 17815
[2025-12-12 17:17:09,840] INFO django.server: "GET /jobs/hr/list/ HTTP/1.1" 200 17815
[2025-12-12 17:17:09,912] INFO django.server: "GET /static/css/pages/hrcrudjobs.css HTTP/1.1" 200 6224
[2025-12-12 17:17:09,912] INFO django.server: "GET /static/css/pages/hrcrudjobs.css HTTP/1.1" 200 6224
[2025-12-12 17:17:19,834] INFO django.server: "GET /jobs/hr/50/ HTTP/1.1" 200 6899
[2025-12-12 17:17:19,834] INFO django.server: "GET /jobs/hr/50/ HTTP/1.1" 200 6899
[2025-12-12 17:17:53,345] INFO django.server: "GET / HTTP/1.1" 200 8018
[2025-12-12 17:17:53,345] INFO django.server: "GET / HTTP/1.1" 200 8018
[2025-12-12 17:17:54,979] INFO django.server: "GET /login/ HTTP/1.1" 302 0
[2025-12-12 17:17:54,979] INFO django.server: "GET /login/ HTTP/1.1" 302 0
[2025-12-12 17:17:55,029] INFO django.server: "GET /dashboard/hr/ HTTP/1.1" 200 5043
[2025-12-12 17:17:55,029] INFO django.server: "GET /dashboard/hr/ HTTP/1.1" 200 5043
[2025-12-12 17:17:56,534] INFO django.server: "GET /applications/hr/list/ HTTP/1.1" 200 6866
[2025-12-12 17:17:56,534] INFO django.server: "GET /applications/hr/list/ HTTP/1.1" 200 6866
[2025-12-12 17:18:43,750] INFO django.server: "GET /dashboard/hr/ HTTP/1.1" 200 5043
[2025-12-12 17:18:43,750] INFO django.server: "GET /dashboard/hr/ HTTP/1.1" 200 5043
[2025-12-12 17:18:53,467] INFO django.server: "GET / HTTP/1.1" 200 8018
[2025-12-12 17:18:53,467] INFO django.server: "GET / HTTP/1.1" 200 8018
[2025-12-12 17:18:55,372] INFO django.server: "GET /login/ HTTP/1.1" 302 0
[2025-12-12 17:18:55,372] INFO django.server: "GET /login/ HTTP/1.1" 302 0
[2025-12-12 17:18:55,412] INFO django.server: "GET /dashboard/hr/ HTTP/1.1" 200 5043
[2025-12-12 17:18:55,412] INFO django.server: "GET /dashboard/hr/ HTTP/1.1" 200 5043
[2025-12-12 17:18:56,754] INFO django.server: "GET /profile/ HTTP/1.1" 200 5728
[2025-12-12 17:18:56,754] INFO django.server: "GET /profile/ HTTP/1.1" 200 5728
[2025-12-12 17:18:58,160] INFO django.server: "GET /dashboard/hr/ HTTP/1.1" 200 5043
[2025-12-12 17:18:58,160] INFO django.server: "GET /dashboard/hr/ HTTP/1.1" 200 5043
[2025-12-12 17:19:00,070] INFO django.server: "GET /applications/hr/list/ HTTP/1.1" 200 6866
[2025-12-12 17:19:00,070] INFO django.server: "GET /applications/hr/list/ HTTP/1.1" 200 6866
[2025-12-12 17:19:02,758] INFO django.server: "GET /applications/hr/2/ HTTP/1.1" 200 12740
[2025-12-12 17:19:02,758] INFO django.server: "GET /applications/hr/2/ HTTP/1.1" 200 12740
[2025-12-12 17:19:02,832] INFO django.server: "GET /static/css/pages/application_detail.css HTTP/1.1" 304 0
[2025-12-12 17:19:02,832] INFO django.server: "GET /static/css/pages/application_detail.css HTTP/1.1" 304 0
[2025-12-12 17:20:29,584] INFO django.server: "GET / HTTP/1.1" 200 8018
[2025-12-12 17:20:29,584] INFO django.server: "GET / HTTP/1.1" 200 8018
[2025-12-12 17:20:31,436] INFO django.server: "GET /login/ HTTP/1.1" 302 0
[2025-12-12 17:20:31,436] INFO django.server: "GET /login/ HTTP/1.1" 302 0
[2025-12-12 17:20:31,472] INFO django.server: "GET /dashboard/hr/ HTTP/1.1" 200 5043
[2025-12-12 17:20:31,472] INFO django.server: "GET /dashboard/hr/ HTTP/1.1" 200 5043
[2025-12-12 17:20:32,981] INFO django.server: "GET /jobs/hr/list/ HTTP/1.1" 200 17815
[2025-12-12 17:20:32,981] INFO django.server: "GET /jobs/hr/list/ HTTP/1.1" 200 17815
[2025-12-12 17:24:14,384] INFO django.server: "GET / HTTP/1.1" 200 7697
[2025-12-12 17:24:14,384] INFO django.server: "GET / HTTP/1.1" 200 7697
[2025-12-12 17:24:14,538] INFO django.server: "GET /static/css/pages/sidebar.css HTTP/1.1" 200 3675
[2025-12-12 17:24:14,538] INFO django.server: "GET /static/css/pages/sidebar.css HTTP/1.1" 200 3675
[2025-12-12 17:24:14,540] INFO django.server: "GET /static/css/pages/landpage.css HTTP/1.1" 200 6614
[2025-12-12 17:24:14,540] INFO django.server: "GET /static/css/pages/landpage.css HTTP/1.1" 200 6614
[2025-12-12 17:24:22,427] INFO django.server: "GET /jobs/hr/list/ HTTP/1.1" 200 17815
[2025-12-12 17:24:22,427] INFO django.server: "GET /jobs/hr/list/ HTTP/1.1" 200 17815
[2025-12-12 17:24:22,500] INFO django.server: "GET /static/css/pages/sidebar.css HTTP/1.1" 200 3675
[2025-12-12 17:24:22,500] INFO django.server: "GET /static/css/pages/sidebar.css HTTP/1.1" 200 3675
[2025-12-12 17:24:24,852] INFO django.server: "GET / HTTP/1.1" 200 8018
[2025-12-12 17:24:24,852] INFO django.server: "GET / HTTP/1.1" 200 8018
[2025-12-12 17:24:24,926] INFO django.server: "GET /static/css/pages/sidebar.css HTTP/1.1" 304 0
[2025-12-12 17:24:24,926] INFO django.server: "GET /static/css/pages/sidebar.css HTTP/1.1" 304 0
[2025-12-12 17:24:24,931] INFO django.server: "GET /static/css/pages/landpage.css HTTP/1.1" 304 0
[2025-12-12 17:24:24,931] INFO django.server: "GET /static/css/pages/landpage.css HTTP/1.1" 304 0
[2025-12-12 17:24:31,457] INFO django.server: "GET /login/ HTTP/1.1" 302 0
[2025-12-12 17:24:31,457] INFO django.server: "GET /login/ HTTP/1.1" 302 0
[2025-12-12 17:24:31,494] INFO django.server: "GET /dashboard/hr/ HTTP/1.1" 200 5043
[2025-12-12 17:24:31,494] INFO django.server: "GET /dashboard/hr/ HTTP/1.1" 200 5043
[2025-12-12 17:24:31,579] INFO django.server: "GET /static/css/pages/sidebar.css HTTP/1.1" 304 0
[2025-12-12 17:24:31,579] INFO django.server: "GET /static/css/pages/sidebar.css HTTP/1.1" 304 0
[2025-12-12 17:27:55,316] INFO django.server: "GET /dashboard/hr/ HTTP/1.1" 200 5043
[2025-12-12 17:27:55,316] INFO django.server: "GET /dashboard/hr/ HTTP/1.1" 200 5043
[2025-12-12 17:27:55,444] INFO django.server: "GET /static/css/pages/sidebar.css HTTP/1.1" 200 3059
[2025-12-12 17:27:55,444] INFO django.server: "GET /static/css/pages/sidebar.css HTTP/1.1" 200 3059
[2025-12-12 17:28:05,535] INFO django.server: "GET /dashboard/hr/ HTTP/1.1" 200 5043
[2025-12-12 17:28:05,535] INFO django.server: "GET /dashboard/hr/ HTTP/1.1" 200 5043
[2025-12-12 17:28:05,622] INFO django.server: "GET /static/css/pages/sidebar.css HTTP/1.1" 304 0
[2025-12-12 17:28:05,622] INFO django.server: "GET /static/css/pages/sidebar.css HTTP/1.1" 304 0
[2025-12-12 17:28:15,172] INFO django.server: "GET /dashboard/hr/ HTTP/1.1" 200 5043
[2025-12-12 17:28:15,172] INFO django.server: "GET /dashboard/hr/ HTTP/1.1" 200 5043
[2025-12-12 17:28:15,223] INFO django.server: "GET /static/css/pages/sidebar.css HTTP/1.1" 200 4307
[2025-12-12 17:28:15,223] INFO django.server: "GET /static/css/pages/sidebar.css HTTP/1.1" 200 4307
[2025-12-12 17:30:00,105] INFO django.server: "GET / HTTP/1.1" 200 7697
[2025-12-12 17:30:00,105] INFO django.server: "GET / HTTP/1.1" 200 7697
[2025-12-12 17:30:00,234] INFO django.server: "GET /static/css/pages/sidebar.css HTTP/1.1" 200 5006
[2025-12-12 17:30:00,234] INFO django.server: "GET /static/css/pages/sidebar.css HTTP/1.1" 200 5006
[2025-12-12 17:30:13,313] INFO django.server: "GET /dashboard/hr/ HTTP/1.1" 200 5043
[2025-12-12 17:30:13,313] INFO django.server: "GET /dashboard/hr/ HTTP/1.1" 200 5043
[2025-12-12 17:30:13,378] INFO django.server: "GET /static/css/pages/sidebar.css HTTP/1.1" 200 5006
[2025-12-12 17:30:13,378] INFO django.server: "GET /static/css/pages/sidebar.css HTTP/1.1" 200 5006
[2025-12-12 17:30:23,843] INFO django.server: "GET /dashboard/hr/ HTTP/1.1" 200 5043
[2025-12-12 17:30:23,843] INFO django.server: "GET /dashboard/hr/ HTTP/1.1" 200 5043
[2025-12-12 17:30:23,894] INFO django.server: "GET /static/css/pages/sidebar.css HTTP/1.1" 200 4307
[2025-12-12 17:30:23,894] INFO django.server: "GET /static/css/pages/sidebar.css HTTP/1.1" 200 4307
[2025-12-12 17:30:30,114] INFO django.server: "GET / HTTP/1.1" 200 7697
[2025-12-12 17:30:30,114] INFO django.server: "GET / HTTP/1.1" 200 7697
[2025-12-12 17:30:30,173] INFO django.server: "GET /static/css/pages/sidebar.css HTTP/1.1" 200 4307
[2025-12-12 17:30:30,173] INFO django.server: "GET /static/css/pages/sidebar.css HTTP/1.1" 200 4307
[2025-12-12 17:31:00,329] INFO django.utils.autoreload: Watching for file changes with StatReloader
[2025-12-12 17:31:00,329] INFO django.utils.autoreload: Watching for file changes with StatReloader
[2025-12-12 17:31:07,496] INFO django.server: "GET / HTTP/1.1" 200 8018
[2025-12-12 17:31:07,496] INFO django.server: "GET / HTTP/1.1" 200 8018
[2025-12-12 17:31:07,505] INFO django.server: "GET /dashboard/hr/ HTTP/1.1" 200 5043
[2025-12-12 17:31:07,505] INFO django.server: "GET /dashboard/hr/ HTTP/1.1" 200 5043
[2025-12-12 17:31:08,574] INFO django.server: "GET /static/css/pages/sidebar.css HTTP/1.1" 304 0
[2025-12-12 17:31:08,574] INFO django.server: "GET /static/css/pages/sidebar.css HTTP/1.1" 304 0
[2025-12-12 17:31:10,079] WARNING django.request: Not Found: /favicon.ico
[2025-12-12 17:31:10,079] WARNING django.request: Not Found: /favicon.ico
[2025-12-12 17:31:10,081] WARNING django.server: "GET /favicon.ico HTTP/1.1" 404 8907
[2025-12-12 17:31:10,081] WARNING django.server: "GET /favicon.ico HTTP/1.1" 404 8907
[2025-12-12 17:31:10,928] INFO django.server: "GET / HTTP/1.1" 200 8018
[2025-12-12 17:31:10,928] INFO django.server: "GET / HTTP/1.1" 200 8018
[2025-12-12 17:31:12,818] INFO django.server: "GET /login/ HTTP/1.1" 302 0
[2025-12-12 17:31:12,818] INFO django.server: "GET /login/ HTTP/1.1" 302 0
[2025-12-12 17:31:12,861] INFO django.server: "GET /dashboard/hr/ HTTP/1.1" 200 5043
[2025-12-12 17:31:12,861] INFO django.server: "GET /dashboard/hr/ HTTP/1.1" 200 5043
[2025-12-12 17:31:12,927] INFO django.server: "GET /static/css/pages/sidebar.css HTTP/1.1" 304 0
[2025-12-12 17:31:12,927] INFO django.server: "GET /static/css/pages/sidebar.css HTTP/1.1" 304 0
[2025-12-12 17:31:57,184] INFO django.server: "GET /logout/ HTTP/1.1" 302 0
[2025-12-12 17:31:57,184] INFO django.server: "GET /logout/ HTTP/1.1" 302 0
[2025-12-12 17:31:57,203] INFO django.server: "GET /login/ HTTP/1.1" 200 4561
[2025-12-12 17:31:57,203] INFO django.server: "GET /login/ HTTP/1.1" 200 4561
[2025-12-12 17:31:57,282] INFO django.server: "GET /static/css/pages/sidebar.css HTTP/1.1" 304 0
[2025-12-12 17:31:57,282] INFO django.server: "GET /static/css/pages/sidebar.css HTTP/1.1" 304 0
[2025-12-12 17:31:57,285] INFO django.server: "GET /static/css/pages/auth.css HTTP/1.1" 304 0
[2025-12-12 17:31:57,285] INFO django.server: "GET /static/css/pages/auth.css HTTP/1.1" 304 0
[2025-12-12 17:32:15,176] INFO django.server: "POST /login/ HTTP/1.1" 302 0
[2025-12-12 17:32:15,176] INFO django.server: "POST /login/ HTTP/1.1" 302 0
[2025-12-12 17:32:15,277] INFO django.server: "GET /dashboard/admin/ HTTP/1.1" 200 8074
[2025-12-12 17:32:15,277] INFO django.server: "GET /dashboard/admin/ HTTP/1.1" 200 8074
[2025-12-12 17:32:15,343] INFO django.server: "GET /static/css/pages/sidebar.css HTTP/1.1" 304 0
[2025-12-12 17:32:15,343] INFO django.server: "GET /static/css/pages/sidebar.css HTTP/1.1" 304 0
